[2021-03-03 19:03:51.437] [exthost] [info] extension host started
[2021-03-03 19:03:51.482] [exthost] [info] ExtensionService#_doActivateExtension vscode.extension-editing {"startup":false,"extensionId":{"value":"vscode.extension-editing","_lower":"vscode.extension-editing"},"activationEvent":"onLanguage:markdown"}
[2021-03-03 19:03:51.482] [exthost] [info] ExtensionService#loadCommonJSModule file:///usr/lib/code/extensions/extension-editing/dist/extensionEditingMain
[2021-03-03 19:03:51.488] [exthost] [info] ExtensionService#_doActivateExtension vscode.markdown-language-features {"startup":false,"extensionId":{"value":"vscode.markdown-language-features","_lower":"vscode.markdown-language-features"},"activationEvent":"onLanguage:markdown"}
[2021-03-03 19:03:51.488] [exthost] [info] ExtensionService#loadCommonJSModule file:///usr/lib/code/extensions/markdown-language-features/dist/extension
[2021-03-03 19:03:51.508] [exthost] [info] ExtensionService#_doActivateExtension shd101wyy.markdown-preview-enhanced {"startup":false,"extensionId":{"value":"shd101wyy.markdown-preview-enhanced","_lower":"shd101wyy.markdown-preview-enhanced"},"activationEvent":"onLanguage:markdown"}
[2021-03-03 19:03:51.508] [exthost] [info] ExtensionService#loadCommonJSModule file:///home/ryan/.vscode-oss/extensions/shd101wyy.markdown-preview-enhanced-0.5.16/out/src/extension
[2021-03-03 19:03:51.967] [exthost] [info] ExtensionService#_doActivateExtension vscode.debug-auto-launch {"startup":true,"extensionId":{"value":"vscode.debug-auto-launch","_lower":"vscode.debug-auto-launch"},"activationEvent":"*"}
[2021-03-03 19:03:51.967] [exthost] [info] ExtensionService#loadCommonJSModule file:///usr/lib/code/extensions/debug-auto-launch/dist/extension
[2021-03-03 19:03:51.969] [exthost] [info] ExtensionService#_doActivateExtension vscode.git {"startup":true,"extensionId":{"value":"vscode.github","_lower":"vscode.github"},"activationEvent":"*"}
[2021-03-03 19:03:51.969] [exthost] [info] ExtensionService#loadCommonJSModule file:///usr/lib/code/extensions/git/dist/main
[2021-03-03 19:03:51.984] [exthost] [info] ExtensionService#_doActivateExtension kortina.vscode-markdown-notes {"startup":true,"extensionId":{"value":"kortina.vscode-markdown-notes","_lower":"kortina.vscode-markdown-notes"},"activationEvent":"*"}
[2021-03-03 19:03:51.984] [exthost] [info] ExtensionService#loadCommonJSModule file:///home/ryan/.vscode-oss/extensions/kortina.vscode-markdown-notes-0.0.22/out/extension.js
[2021-03-03 19:03:51.995] [exthost] [info] ExtensionService#_doActivateExtension mhutchie.git-graph {"startup":true,"extensionId":{"value":"mhutchie.git-graph","_lower":"mhutchie.git-graph"},"activationEvent":"*"}
[2021-03-03 19:03:51.995] [exthost] [info] ExtensionService#loadCommonJSModule file:///home/ryan/.vscode-oss/extensions/mhutchie.git-graph-1.28.0/out/extension.js
[2021-03-03 19:03:52.013] [exthost] [info] ExtensionService#_doActivateExtension vscodevim.vim {"startup":true,"extensionId":{"value":"vscodevim.vim","_lower":"vscodevim.vim"},"activationEvent":"*"}
[2021-03-03 19:03:52.013] [exthost] [info] ExtensionService#loadCommonJSModule file:///home/ryan/.vscode-oss/extensions/vscodevim.vim-1.18.9/out/extension
[2021-03-03 19:03:52.150] [exthost] [info] ExtensionService#_doActivateExtension vscode.github {"startup":true,"extensionId":{"value":"vscode.github","_lower":"vscode.github"},"activationEvent":"*"}
[2021-03-03 19:03:52.150] [exthost] [info] ExtensionService#loadCommonJSModule file:///usr/lib/code/extensions/github/dist/extension.js
[2021-03-03 19:03:52.168] [exthost] [info] ExtensionService#_doActivateExtension ms-vscode.js-debug {"startup":false,"extensionId":{"value":"ms-vscode.js-debug","_lower":"ms-vscode.js-debug"},"activationEvent":"onCommand:extension.js-debug.clearAutoAttachVariables"}
[2021-03-03 19:03:52.169] [exthost] [info] ExtensionService#loadCommonJSModule file:///usr/lib/code/extensions/ms-vscode.js-debug/src/extension.js
[2021-03-03 19:03:52.233] [exthost] [info] eager extensions activated
[2021-03-03 19:03:52.249] [exthost] [info] ExtensionService#_doActivateExtension vscode.emmet {"startup":false,"extensionId":{"value":"vscode.emmet","_lower":"vscode.emmet"},"activationEvent":"onStartupFinished"}
[2021-03-03 19:03:52.249] [exthost] [info] ExtensionService#loadCommonJSModule file:///usr/lib/code/extensions/emmet/dist/node/emmetNodeMain
[2021-03-03 19:03:52.256] [exthost] [info] ExtensionService#_doActivateExtension vscode.merge-conflict {"startup":false,"extensionId":{"value":"vscode.merge-conflict","_lower":"vscode.merge-conflict"},"activationEvent":"onStartupFinished"}
[2021-03-03 19:03:52.256] [exthost] [info] ExtensionService#loadCommonJSModule file:///usr/lib/code/extensions/merge-conflict/dist/mergeConflictMain
[2021-03-03 19:03:52.258] [exthost] [info] ExtensionService#_doActivateExtension vscode.testing-editor-contributions {"startup":false,"extensionId":{"value":"vscode.testing-editor-contributions","_lower":"vscode.testing-editor-contributions"},"activationEvent":"onStartupFinished"}
[2021-03-03 19:03:52.258] [exthost] [info] ExtensionService#loadCommonJSModule file:///usr/lib/code/extensions/testing-editor-contributions/dist/extension.js
[2021-03-03 19:03:52.259] [exthost] [info] ExtensionService#_doActivateExtension eamodio.gitlens {"startup":false,"extensionId":{"value":"eamodio.gitlens","_lower":"eamodio.gitlens"},"activationEvent":"onStartupFinished"}
[2021-03-03 19:03:52.260] [exthost] [info] ExtensionService#loadCommonJSModule file:///home/ryan/.vscode-oss/extensions/eamodio.gitlens-11.2.1/dist/gitlens
[2021-03-03 19:03:52.293] [exthost] [info] ExtensionService#_doActivateExtension VSpaceCode.whichkey {"startup":false,"extensionId":{"value":"VSpaceCode.vspacecode","_lower":"vspacecode.vspacecode"},"activationEvent":"onStartupFinished"}
[2021-03-03 19:03:52.293] [exthost] [info] ExtensionService#loadCommonJSModule file:///home/ryan/.vscode-oss/extensions/vspacecode.whichkey-0.8.4/dist/extension.js
[2021-03-03 19:03:52.397] [exthost] [info] ExtensionService#_doActivateExtension VSpaceCode.vspacecode {"startup":false,"extensionId":{"value":"VSpaceCode.vspacecode","_lower":"vspacecode.vspacecode"},"activationEvent":"onStartupFinished"}
[2021-03-03 19:03:52.397] [exthost] [info] ExtensionService#loadCommonJSModule file:///home/ryan/.vscode-oss/extensions/vspacecode.vspacecode-0.9.0/dist/extension.js
[2021-03-03 19:25:56.228] [exthost] [info] extension host terminating: parent process 146188 does not exist anymore: kill ESRCH (code: ESRCH) (errno: ESRCH)
[2021-03-03 19:25:57.240] [exthost] [info] exiting with code 0
