Looking for git in: git
Using git 2.30.1 from git
> git rev-parse --git-dir
Open repository: /home/ryan/Sync/Notes
> git status -z -u
> git check-ignore -v -z --stdin
> git symbolic-ref --short HEAD
> git for-each-ref --format=%(refname)%00%(upstream:short)%00%(upstream:track)%00%(objectname) refs/heads/master refs/remotes/master
> git for-each-ref --sort -committerdate --format %(refname) %(objectname) %(*objectname)
> git remote --verbose
> git config --get commit.template
> git status -z -u
> git symbolic-ref --short HEAD
> git for-each-ref --format=%(refname)%00%(upstream:short)%00%(upstream:track)%00%(objectname) refs/heads/master refs/remotes/master
> git for-each-ref --sort -committerdate --format %(refname) %(objectname) %(*objectname)
> git remote --verbose
> git config --get commit.template
> git show --textconv :MD/notes/Linux/Gnome-3-Tips-and-Tricks.md
> git ls-files --stage -- /home/ryan/Sync/Notes/MD/notes/Linux/Gnome-3-Tips-and-Tricks.md
> git cat-file -s c68cce7b7bc270e7041905bc6f79986add3757c6
> git show --textconv :MD/notes/Linux/Gnome-3-Tips-and-Tricks.md
> git ls-files --stage -- /home/ryan/Sync/Notes/MD/notes/Linux/Gnome-3-Tips-and-Tricks.md
> git cat-file -s c68cce7b7bc270e7041905bc6f79986add3757c6
> git show --textconv :MD/notes/Linux/Gnome-3-Tips-and-Tricks.md
> git ls-files --stage -- /home/ryan/Sync/Notes/MD/notes/Linux/Gnome-3-Tips-and-Tricks.md
> git cat-file -s c68cce7b7bc270e7041905bc6f79986add3757c6
> git status -z -u
> git symbolic-ref --short HEAD
> git for-each-ref --format=%(refname)%00%(upstream:short)%00%(upstream:track)%00%(objectname) refs/heads/master refs/remotes/master
> git for-each-ref --sort -committerdate --format %(refname) %(objectname) %(*objectname)
> git remote --verbose
> git config --get commit.template
