[2020-07-30 10:27:48.773] [exthost] [info] extension host started
[2020-07-30 10:27:48.810] [exthost] [info] ExtensionService#_doActivateExtension vscode.debug-auto-launch {"startup":true,"extensionId":{"value":"vscode.debug-auto-launch","_lower":"vscode.debug-auto-launch"},"activationEvent":"*"}
[2020-07-30 10:27:48.811] [exthost] [info] ExtensionService#loadCommonJSModule file:///usr/lib/code/extensions/debug-auto-launch/dist/extension
[2020-07-30 10:27:48.818] [exthost] [info] ExtensionService#_doActivateExtension vscode.emmet {"startup":true,"extensionId":{"value":"vscode.emmet","_lower":"vscode.emmet"},"activationEvent":"*"}
[2020-07-30 10:27:48.819] [exthost] [info] ExtensionService#loadCommonJSModule file:///usr/lib/code/extensions/emmet/dist/extension
[2020-07-30 10:27:48.838] [exthost] [info] ExtensionService#_doActivateExtension vscode.git {"startup":true,"extensionId":{"value":"vscode.github","_lower":"vscode.github"},"activationEvent":"*"}
[2020-07-30 10:27:48.838] [exthost] [info] ExtensionService#loadCommonJSModule file:///usr/lib/code/extensions/git/dist/main
[2020-07-30 10:27:48.874] [exthost] [info] ExtensionService#_doActivateExtension vscode.github-authentication {"startup":true,"extensionId":{"value":"vscode.github-authentication","_lower":"vscode.github-authentication"},"activationEvent":"*"}
[2020-07-30 10:27:48.874] [exthost] [info] ExtensionService#loadCommonJSModule file:///usr/lib/code/extensions/github-authentication/dist/extension.js
[2020-07-30 10:27:48.884] [exthost] [info] ExtensionService#_doActivateExtension vscode.merge-conflict {"startup":true,"extensionId":{"value":"vscode.merge-conflict","_lower":"vscode.merge-conflict"},"activationEvent":"*"}
[2020-07-30 10:27:48.884] [exthost] [info] ExtensionService#loadCommonJSModule file:///usr/lib/code/extensions/merge-conflict/dist/mergeConflictMain
[2020-07-30 10:27:48.887] [exthost] [info] ExtensionService#_doActivateExtension vscode.microsoft-authentication {"startup":true,"extensionId":{"value":"vscode.microsoft-authentication","_lower":"vscode.microsoft-authentication"},"activationEvent":"*"}
[2020-07-30 10:27:48.887] [exthost] [info] ExtensionService#loadCommonJSModule file:///usr/lib/code/extensions/microsoft-authentication/dist/extension.js
[2020-07-30 10:27:48.895] [exthost] [info] ExtensionService#_doActivateExtension vscode.search-result {"startup":true,"extensionId":{"value":"vscode.search-result","_lower":"vscode.search-result"},"activationEvent":"*"}
[2020-07-30 10:27:48.896] [exthost] [info] ExtensionService#loadCommonJSModule file:///usr/lib/code/extensions/search-result/dist/extension.js
[2020-07-30 10:27:48.897] [exthost] [info] ExtensionService#_doActivateExtension alefragnani.Bookmarks {"startup":true,"extensionId":{"value":"alefragnani.Bookmarks","_lower":"alefragnani.bookmarks"},"activationEvent":"*"}
[2020-07-30 10:27:48.897] [exthost] [info] ExtensionService#loadCommonJSModule file:///home/ryan/.vscode-oss/extensions/alefragnani.bookmarks-11.3.1/dist/extension
[2020-07-30 10:27:48.903] [exthost] [info] ExtensionService#_doActivateExtension bierner.emojisense {"startup":true,"extensionId":{"value":"bierner.emojisense","_lower":"bierner.emojisense"},"activationEvent":"*"}
[2020-07-30 10:27:48.903] [exthost] [info] ExtensionService#loadCommonJSModule file:///home/ryan/.vscode-oss/extensions/bierner.emojisense-0.7.0/dist/extension
[2020-07-30 10:27:48.908] [exthost] [info] ExtensionService#_doActivateExtension christian-kohler.path-intellisense {"startup":true,"extensionId":{"value":"christian-kohler.path-intellisense","_lower":"christian-kohler.path-intellisense"},"activationEvent":"*"}
[2020-07-30 10:27:48.908] [exthost] [info] ExtensionService#loadCommonJSModule file:///home/ryan/.vscode-oss/extensions/christian-kohler.path-intellisense-2.2.1/out/extension.js
[2020-07-30 10:27:48.919] [exthost] [info] ExtensionService#_doActivateExtension CoenraadS.bracket-pair-colorizer {"startup":true,"extensionId":{"value":"CoenraadS.bracket-pair-colorizer","_lower":"coenraads.bracket-pair-colorizer"},"activationEvent":"*"}
[2020-07-30 10:27:48.919] [exthost] [info] ExtensionService#loadCommonJSModule file:///home/ryan/.vscode-oss/extensions/coenraads.bracket-pair-colorizer-1.0.61/out/src/extension
[2020-07-30 10:27:48.932] [exthost] [info] ExtensionService#_doActivateExtension cssho.vscode-svgviewer {"startup":true,"extensionId":{"value":"cssho.vscode-svgviewer","_lower":"cssho.vscode-svgviewer"},"activationEvent":"*"}
[2020-07-30 10:27:48.932] [exthost] [info] ExtensionService#loadCommonJSModule file:///home/ryan/.vscode-oss/extensions/cssho.vscode-svgviewer-2.0.0/out/src/extension
[2020-07-30 10:27:48.953] [exthost] [info] ExtensionService#_doActivateExtension dbaeumer.vscode-eslint {"startup":true,"extensionId":{"value":"dbaeumer.vscode-eslint","_lower":"dbaeumer.vscode-eslint"},"activationEvent":"*"}
[2020-07-30 10:27:48.953] [exthost] [info] ExtensionService#loadCommonJSModule file:///home/ryan/.vscode-oss/extensions/dbaeumer.vscode-eslint-2.1.8/client/out/extension
[2020-07-30 10:27:48.965] [exthost] [info] ExtensionService#_doActivateExtension eamodio.gitlens {"startup":true,"extensionId":{"value":"eamodio.gitlens","_lower":"eamodio.gitlens"},"activationEvent":"*"}
[2020-07-30 10:27:48.966] [exthost] [info] ExtensionService#loadCommonJSModule file:///home/ryan/.vscode-oss/extensions/eamodio.gitlens-10.2.2/dist/extension
[2020-07-30 10:27:49.010] [exthost] [info] ExtensionService#_doActivateExtension fcrespo82.markdown-table-formatter {"startup":true,"extensionId":{"value":"fcrespo82.markdown-table-formatter","_lower":"fcrespo82.markdown-table-formatter"},"activationEvent":"*"}
[2020-07-30 10:27:49.010] [exthost] [info] ExtensionService#loadCommonJSModule file:///home/ryan/.vscode-oss/extensions/fcrespo82.markdown-table-formatter-2.1.0/dist/extension
[2020-07-30 10:27:49.042] [exthost] [info] ExtensionService#_doActivateExtension hoovercj.vscode-power-mode {"startup":true,"extensionId":{"value":"hoovercj.vscode-power-mode","_lower":"hoovercj.vscode-power-mode"},"activationEvent":"*"}
[2020-07-30 10:27:49.042] [exthost] [info] ExtensionService#loadCommonJSModule file:///home/ryan/.vscode-oss/extensions/hoovercj.vscode-power-mode-2.2.0/out/src/extension
[2020-07-30 10:27:49.055] [exthost] [info] ExtensionService#_doActivateExtension kbysiec.vscode-search-everywhere {"startup":true,"extensionId":{"value":"kbysiec.vscode-search-everywhere","_lower":"kbysiec.vscode-search-everywhere"},"activationEvent":"*"}
[2020-07-30 10:27:49.055] [exthost] [info] ExtensionService#loadCommonJSModule file:///home/ryan/.vscode-oss/extensions/kbysiec.vscode-search-everywhere-1.0.3/dist/extension.js
[2020-07-30 10:27:49.065] [exthost] [info] ExtensionService#_doActivateExtension kortina.vscode-markdown-notes {"startup":true,"extensionId":{"value":"kortina.vscode-markdown-notes","_lower":"kortina.vscode-markdown-notes"},"activationEvent":"*"}
[2020-07-30 10:27:49.065] [exthost] [info] ExtensionService#loadCommonJSModule file:///home/ryan/.vscode-oss/extensions/kortina.vscode-markdown-notes-0.0.13/out/extension.js
[2020-07-30 10:27:49.070] [exthost] [info] ExtensionService#_doActivateExtension lucax88x.codeacejumper {"startup":true,"extensionId":{"value":"lucax88x.codeacejumper","_lower":"lucax88x.codeacejumper"},"activationEvent":"*"}
[2020-07-30 10:27:49.070] [exthost] [info] ExtensionService#loadCommonJSModule file:///home/ryan/.vscode-oss/extensions/lucax88x.codeacejumper-3.3.2/dist/extension
[2020-07-30 10:27:49.080] [exthost] [info] ExtensionService#_doActivateExtension mblode.pretty-formatter {"startup":true,"extensionId":{"value":"mblode.pretty-formatter","_lower":"mblode.pretty-formatter"},"activationEvent":"*"}
[2020-07-30 10:27:49.081] [exthost] [info] ExtensionService#loadCommonJSModule file:///home/ryan/.vscode-oss/extensions/mblode.pretty-formatter-0.2.1/out/extension.js
[2020-07-30 10:27:49.095] [exthost] [info] ExtensionService#_doActivateExtension naumovs.color-highlight {"startup":true,"extensionId":{"value":"naumovs.color-highlight","_lower":"naumovs.color-highlight"},"activationEvent":"*"}
[2020-07-30 10:27:49.095] [exthost] [info] ExtensionService#loadCommonJSModule file:///home/ryan/.vscode-oss/extensions/naumovs.color-highlight-2.3.0/dist/extension
[2020-07-30 10:27:49.105] [exthost] [info] ExtensionService#_doActivateExtension stkb.rewrap {"startup":true,"extensionId":{"value":"stkb.rewrap","_lower":"stkb.rewrap"},"activationEvent":"*"}
[2020-07-30 10:27:49.105] [exthost] [info] ExtensionService#loadCommonJSModule file:///home/ryan/.vscode-oss/extensions/stkb.rewrap-1.13.0/vscode/Extension
[2020-07-30 10:27:49.157] [exthost] [info] ExtensionService#_doActivateExtension vscode-icons-team.vscode-icons {"startup":true,"extensionId":{"value":"vscode-icons-team.vscode-icons","_lower":"vscode-icons-team.vscode-icons"},"activationEvent":"*"}
[2020-07-30 10:27:49.157] [exthost] [info] ExtensionService#loadCommonJSModule file:///home/ryan/.vscode-oss/extensions/vscode-icons-team.vscode-icons-10.2.0/dist/src/vscode-icons.bundle.js
[2020-07-30 10:27:49.197] [exthost] [info] ExtensionService#_doActivateExtension vscodevim.vim {"startup":true,"extensionId":{"value":"vscodevim.vim","_lower":"vscodevim.vim"},"activationEvent":"*"}
[2020-07-30 10:27:49.197] [exthost] [info] ExtensionService#loadCommonJSModule file:///home/ryan/.vscode-oss/extensions/vscodevim.vim-1.16.0/out/extension
[2020-07-30 10:27:49.263] [exthost] [info] ExtensionService#_doActivateExtension wayou.vscode-todo-highlight {"startup":true,"extensionId":{"value":"wayou.vscode-todo-highlight","_lower":"wayou.vscode-todo-highlight"},"activationEvent":"*"}
[2020-07-30 10:27:49.263] [exthost] [info] ExtensionService#loadCommonJSModule file:///home/ryan/.vscode-oss/extensions/wayou.vscode-todo-highlight-1.0.4/src/extension
[2020-07-30 10:27:49.674] [exthost] [info] ExtensionService#_doActivateExtension vscode.html-language-features {"startup":false,"extensionId":{"value":"vscode.html-language-features","_lower":"vscode.html-language-features"},"activationEvent":"onLanguage:html"}
[2020-07-30 10:27:49.674] [exthost] [info] ExtensionService#loadCommonJSModule file:///usr/lib/code/extensions/html-language-features/client/dist/node/htmlClientMain
[2020-07-30 10:28:26.734] [exthost] [info] ExtensionService#_doActivateExtension vscode.configuration-editing {"startup":false,"extensionId":{"value":"vscode.configuration-editing","_lower":"vscode.configuration-editing"},"activationEvent":"onLanguage:jsonc"}
[2020-07-30 10:28:26.734] [exthost] [info] ExtensionService#loadCommonJSModule file:///usr/lib/code/extensions/configuration-editing/dist/configurationEditingMain
[2020-07-30 10:28:26.738] [exthost] [info] ExtensionService#_doActivateExtension vscode.json-language-features {"startup":false,"extensionId":{"value":"vscode.json-language-features","_lower":"vscode.json-language-features"},"activationEvent":"onLanguage:jsonc"}
[2020-07-30 10:28:26.738] [exthost] [info] ExtensionService#loadCommonJSModule file:///usr/lib/code/extensions/json-language-features/client/dist/node/jsonClientMain
[2020-07-30 10:28:26.762] [exthost] [info] ExtensionService#_doActivateExtension vscode.typescript-language-features {"startup":false,"extensionId":{"value":"vscode.typescript-language-features","_lower":"vscode.typescript-language-features"},"activationEvent":"onLanguage:jsonc"}
[2020-07-30 10:28:26.762] [exthost] [info] ExtensionService#loadCommonJSModule file:///usr/lib/code/extensions/typescript-language-features/dist/extension
