[2020-06-22 07:23:56.486] [exthost] [info] extension host started
[2020-06-22 07:23:56.550] [exthost] [info] ExtensionService#_doActivateExtension vscode.extension-editing {"startup":false,"extensionId":{"value":"vscode.extension-editing","_lower":"vscode.extension-editing"},"activationEvent":"onLanguage:markdown"}
[2020-06-22 07:23:56.551] [exthost] [info] ExtensionService#loadCommonJSModule file:///node_modules/code-server/lib/vscode/extensions/extension-editing/dist/extension
[2020-06-22 07:23:56.567] [exthost] [info] ExtensionService#_doActivateExtension vscode.markdown-language-features {"startup":false,"extensionId":{"value":"vscode.markdown-language-features","_lower":"vscode.markdown-language-features"},"activationEvent":"onLanguage:markdown"}
[2020-06-22 07:23:56.567] [exthost] [info] ExtensionService#loadCommonJSModule file:///node_modules/code-server/lib/vscode/extensions/markdown-language-features/dist/extension
[2020-06-22 07:23:56.604] [exthost] [info] ExtensionService#_doActivateExtension yzhang.markdown-all-in-one {"startup":false,"extensionId":{"value":"yzhang.markdown-all-in-one","_lower":"yzhang.markdown-all-in-one"},"activationEvent":"onLanguage:markdown"}
[2020-06-22 07:23:56.604] [exthost] [info] ExtensionService#loadCommonJSModule file:///config/extensions/yzhang.markdown-all-in-one-3.0.0/dist/extension
[2020-06-22 07:23:56.636] [exthost] [info] ExtensionService#_doActivateExtension vscode.debug-auto-launch {"startup":true,"extensionId":{"value":"vscode.debug-auto-launch","_lower":"vscode.debug-auto-launch"},"activationEvent":"*"}
[2020-06-22 07:23:56.636] [exthost] [info] ExtensionService#loadCommonJSModule file:///node_modules/code-server/lib/vscode/extensions/debug-auto-launch/dist/extension
[2020-06-22 07:23:56.640] [exthost] [info] ExtensionService#_doActivateExtension vscode.emmet {"startup":true,"extensionId":{"value":"vscode.emmet","_lower":"vscode.emmet"},"activationEvent":"*"}
[2020-06-22 07:23:56.640] [exthost] [info] ExtensionService#loadCommonJSModule file:///node_modules/code-server/lib/vscode/extensions/emmet/dist/extension
[2020-06-22 07:23:56.672] [exthost] [info] ExtensionService#_doActivateExtension vscode.git {"startup":true,"extensionId":{"value":"vscode.git","_lower":"vscode.git"},"activationEvent":"*"}
[2020-06-22 07:23:56.672] [exthost] [info] ExtensionService#loadCommonJSModule file:///node_modules/code-server/lib/vscode/extensions/git/dist/main
[2020-06-22 07:23:56.731] [exthost] [info] ExtensionService#_doActivateExtension vscode.github-authentication {"startup":true,"extensionId":{"value":"vscode.github-authentication","_lower":"vscode.github-authentication"},"activationEvent":"*"}
[2020-06-22 07:23:56.731] [exthost] [info] ExtensionService#loadCommonJSModule file:///node_modules/code-server/lib/vscode/extensions/github-authentication/dist/extension.js
[2020-06-22 07:23:56.747] [exthost] [info] ExtensionService#_doActivateExtension vscode.merge-conflict {"startup":true,"extensionId":{"value":"vscode.merge-conflict","_lower":"vscode.merge-conflict"},"activationEvent":"*"}
[2020-06-22 07:23:56.747] [exthost] [info] ExtensionService#loadCommonJSModule file:///node_modules/code-server/lib/vscode/extensions/merge-conflict/dist/extension
[2020-06-22 07:23:56.751] [exthost] [info] ExtensionService#_doActivateExtension vscode.search-result {"startup":true,"extensionId":{"value":"vscode.search-result","_lower":"vscode.search-result"},"activationEvent":"*"}
[2020-06-22 07:23:56.751] [exthost] [info] ExtensionService#loadCommonJSModule file:///node_modules/code-server/lib/vscode/extensions/search-result/dist/extension.js
[2020-06-22 07:23:56.752] [exthost] [info] ExtensionService#_doActivateExtension vscode.vscode-account {"startup":true,"extensionId":{"value":"vscode.vscode-account","_lower":"vscode.vscode-account"},"activationEvent":"*"}
[2020-06-22 07:23:56.753] [exthost] [info] ExtensionService#loadCommonJSModule file:///node_modules/code-server/lib/vscode/extensions/vscode-account/dist/extension.js
[2020-06-22 07:23:56.831] [exthost] [info] eager extensions activated
